2019-08-09 18:52:07,361 ERROR ERROR com.lanqiao.store.dao.UserDao:25 - 登录失败！Null connection
2019-08-09 18:53:34,281 ERROR ERROR com.lanqiao.store.dao.UserDao:25 - 登录失败！ORA-00933: SQL 命令未正确结束
 Query: select LOGINNAME,LOGINPASS from USERINFO where LOGINNAME=?,LOGINPASS=? Parameters: [admin, admin]
2019-08-09 21:45:08,250 ERROR ERROR com.lanqiao.store.dao.FoodDao:59 - 分页查询失败。
java.sql.SQLException: ORA-00904: "RN": 标识符无效
 Query: select * from(select t.*,ROWNUM rn from(select * from FOODINFO order by FOODID) t where rn<=?) where rn>=? Parameters: [10, 1]
	at org.apache.commons.dbutils.AbstractQueryRunner.rethrow(AbstractQueryRunner.java:527)
	at org.apache.commons.dbutils.QueryRunner.query(QueryRunner.java:391)
	at org.apache.commons.dbutils.QueryRunner.query(QueryRunner.java:252)
	at com.lanqiao.store.dao.FoodDao.seletAll(FoodDao.java:53)
	at com.lanqiao.store.dao.FoodDaoTest.seletAll(FoodDaoTest.java:33)
	at sun.reflect.NativeMethodAccessorImpl.invoke0(Native Method)
	at sun.reflect.NativeMethodAccessorImpl.invoke(NativeMethodAccessorImpl.java:62)
	at sun.reflect.DelegatingMethodAccessorImpl.invoke(DelegatingMethodAccessorImpl.java:43)
	at java.lang.reflect.Method.invoke(Method.java:498)
	at org.junit.runners.model.FrameworkMethod$1.runReflectiveCall(FrameworkMethod.java:50)
	at org.junit.internal.runners.model.ReflectiveCallable.run(ReflectiveCallable.java:12)
	at org.junit.runners.model.FrameworkMethod.invokeExplosively(FrameworkMethod.java:47)
	at org.junit.internal.runners.statements.InvokeMethod.evaluate(InvokeMethod.java:17)
	at org.junit.internal.runners.statements.RunBefores.evaluate(RunBefores.java:26)
	at org.junit.runners.ParentRunner.runLeaf(ParentRunner.java:325)
	at org.junit.runners.BlockJUnit4ClassRunner.runChild(BlockJUnit4ClassRunner.java:78)
	at org.junit.runners.BlockJUnit4ClassRunner.runChild(BlockJUnit4ClassRunner.java:57)
	at org.junit.runners.ParentRunner$3.run(ParentRunner.java:290)
	at org.junit.runners.ParentRunner$1.schedule(ParentRunner.java:71)
	at org.junit.runners.ParentRunner.runChildren(ParentRunner.java:288)
	at org.junit.runners.ParentRunner.access$000(ParentRunner.java:58)
	at org.junit.runners.ParentRunner$2.evaluate(ParentRunner.java:268)
	at org.junit.runners.ParentRunner.run(ParentRunner.java:363)
	at org.junit.runner.JUnitCore.run(JUnitCore.java:137)
	at com.intellij.junit4.JUnit4IdeaTestRunner.startRunnerWithArgs(JUnit4IdeaTestRunner.java:68)
	at com.intellij.rt.execution.junit.IdeaTestRunner$Repeater.startRunnerWithArgs(IdeaTestRunner.java:47)
	at com.intellij.rt.execution.junit.JUnitStarter.prepareStreamsAndStart(JUnitStarter.java:242)
	at com.intellij.rt.execution.junit.JUnitStarter.main(JUnitStarter.java:70)
